<?xml version="1.0" encoding="UTF-8"?>
<!-- Generated by org.testng.reporters.JUnitReportReporter -->
<testsuite skipped="0" hostname="LAPTOP-AT9HCTR2" name="com.ng.Walmart" tests="1" failures="0" timestamp="12 Apr 2023 01:04:36 GMT" time="11.503" errors="0">
  <testcase name="walmart" time="11.503" classname="com.ng.Walmart"/>
</testsuite> <!-- com.ng.Walmart -->
