<?xml version="1.0" encoding="UTF-8"?>
<!-- Generated by org.testng.reporters.JUnitReportReporter -->
<testsuite skipped="0" hostname="LAPTOP-AT9HCTR2" name="com.ng.AmazonTest" tests="3" failures="0" timestamp="12 Apr 2023 02:09:39 GMT" time="8.019" errors="0">
  <testcase name="amazon" time="3.080" classname="com.ng.AmazonTest"/>
  <testcase name="amazon" time="2.307" classname="com.ng.AmazonTest"/>
  <testcase name="amazon" time="2.632" classname="com.ng.AmazonTest"/>
</testsuite> <!-- com.ng.AmazonTest -->
