<?xml version="1.0" encoding="UTF-8"?>
<!-- Generated by org.testng.reporters.JUnitReportReporter -->
<testsuite skipped="0" hostname="LAPTOP-AT9HCTR2" name="com.grp.AmazonTest" tests="1" failures="0" timestamp="13 Apr 2023 00:51:40 GMT" time="6.625" errors="0">
  <testcase name="amazon" time="6.625" classname="com.grp.AmazonTest"/>
</testsuite> <!-- com.grp.AmazonTest -->
