<?xml version="1.0" encoding="UTF-8"?>
<!-- Generated by org.testng.reporters.JUnitReportReporter -->
<testsuite skipped="0" hostname="LAPTOP-AT9HCTR2" name="com.smallandmore.IHGLogin" tests="1" failures="0" timestamp="13 Apr 2023 01:21:09 GMT" time="23.464" errors="0">
  <testcase name="ihg" time="23.464" classname="com.smallandmore.IHGLogin"/>
</testsuite> <!-- com.smallandmore.IHGLogin -->
