<?xml version="1.0" encoding="UTF-8"?>
<!-- Generated by org.testng.reporters.JUnitReportReporter -->
<testsuite skipped="0" hostname="LAPTOP-AT9HCTR2" name="com.smallandmore.Facebook" tests="1" failures="0" timestamp="13 Apr 2023 01:21:09 GMT" time="3.438" errors="0">
  <testcase name="facebook" time="3.438" classname="com.smallandmore.Facebook"/>
</testsuite> <!-- com.smallandmore.Facebook -->
