<?xml version="1.0" encoding="UTF-8"?>
<!-- Generated by org.testng.reporters.JUnitReportReporter -->
<testsuite skipped="0" hostname="LAPTOP-AT9HCTR2" name="com.smallandmore.Walmart" tests="1" failures="0" timestamp="13 Apr 2023 01:16:03 GMT" time="12.837" errors="0">
  <testcase name="walmart" time="12.837" classname="com.smallandmore.Walmart"/>
</testsuite> <!-- com.smallandmore.Walmart -->
