<?xml version="1.0" encoding="UTF-8"?>
<!-- Generated by org.testng.reporters.JUnitReportReporter -->
<testsuite skipped="0" hostname="LAPTOP-AT9HCTR2" name="com.smallandmore.OrangeHRM" tests="1" failures="0" timestamp="13 Apr 2023 01:16:03 GMT" time="5.272" errors="0">
  <testcase name="orangehrm" time="5.272" classname="com.smallandmore.OrangeHRM"/>
</testsuite> <!-- com.smallandmore.OrangeHRM -->
