<?xml version="1.0" encoding="UTF-8"?>
<!-- Generated by org.testng.reporters.JUnitReportReporter -->
<testsuite skipped="0" hostname="LAPTOP-AT9HCTR2" name="com.test.OrangeParameters" tests="1" failures="0" timestamp="14 Apr 2023 01:05:56 GMT" time="8.167" errors="0">
  <testcase name="Orange" time="8.167" classname="com.test.OrangeParameters"/>
</testsuite> <!-- com.test.OrangeParameters -->
