<?xml version="1.0" encoding="UTF-8"?>
<!-- Generated by org.testng.reporters.JUnitReportReporter -->
<testsuite skipped="0" hostname="LAPTOP-AT9HCTR2" name="com.grp.OrangeHRM" tests="1" failures="0" timestamp="13 Apr 2023 00:51:40 GMT" time="4.578" errors="0">
  <testcase name="orangehrm" time="4.578" classname="com.grp.OrangeHRM"/>
</testsuite> <!-- com.grp.OrangeHRM -->
