<?xml version="1.0" encoding="UTF-8"?>
<!-- Generated by org.testng.reporters.JUnitReportReporter -->
<testsuite skipped="0" hostname="LAPTOP-AT9HCTR2" name="com.ng.Facebook" tests="1" failures="0" timestamp="12 Apr 2023 02:09:39 GMT" time="4.806" errors="0">
  <testcase name="facebook" time="4.806" classname="com.ng.Facebook"/>
</testsuite> <!-- com.ng.Facebook -->
