<?xml version="1.0" encoding="UTF-8"?>
<!-- Generated by org.testng.reporters.JUnitReportReporter -->
<testsuite skipped="0" hostname="LAPTOP-AT9HCTR2" name="com.grp.Walmart" tests="1" failures="0" timestamp="13 Apr 2023 00:51:40 GMT" time="8.143" errors="0">
  <testcase name="walmart" time="8.143" classname="com.grp.Walmart"/>
</testsuite> <!-- com.grp.Walmart -->
