<?xml version="1.0" encoding="UTF-8"?>
<!-- Generated by org.testng.reporters.JUnitReportReporter -->
<testsuite skipped="0" hostname="LAPTOP-AT9HCTR2" name="com.grp.IHGLogin" tests="1" failures="0" timestamp="13 Apr 2023 00:50:29 GMT" time="6.987" errors="0">
  <testcase name="ihg" time="6.987" classname="com.grp.IHGLogin"/>
</testsuite> <!-- com.grp.IHGLogin -->
