<?xml version="1.0" encoding="UTF-8"?>
<!-- Generated by org.testng.reporters.JUnitReportReporter -->
<testsuite skipped="0" hostname="LAPTOP-AT9HCTR2" name="com.ng.FruitsTest" tests="5" failures="0" timestamp="12 Apr 2023 01:20:56 GMT" time="0.023" errors="0">
  <testcase name="cherry" time="0.018" classname="com.ng.FruitsTest"/>
  <testcase name="mango" time="0.002" classname="com.ng.FruitsTest"/>
  <testcase name="apple" time="0.001" classname="com.ng.FruitsTest"/>
  <testcase name="grapes" time="0.002" classname="com.ng.FruitsTest"/>
  <testcase name="banana" time="0.000" classname="com.ng.FruitsTest"/>
</testsuite> <!-- com.ng.FruitsTest -->
