<?xml version="1.0" encoding="UTF-8"?>
<!-- Generated by org.testng.reporters.JUnitReportReporter -->
<testsuite skipped="0" hostname="LAPTOP-AT9HCTR2" name="com.smallandmore.AmazonTest" tests="1" failures="0" timestamp="13 Apr 2023 01:21:09 GMT" time="9.081" errors="0">
  <testcase name="amazon" time="9.081" classname="com.smallandmore.AmazonTest"/>
</testsuite> <!-- com.smallandmore.AmazonTest -->
