<?xml version="1.0" encoding="UTF-8"?>
<!-- Generated by org.testng.reporters.JUnitReportReporter -->
<testsuite skipped="0" hostname="LAPTOP-AT9HCTR2" name="com.ng.ExecutionOrder" tests="1" failures="0" timestamp="11 Apr 2023 01:21:58 GMT" time="0.004" errors="0">
  <testcase name="one" time="0.004" classname="com.ng.ExecutionOrder"/>
</testsuite> <!-- com.ng.ExecutionOrder -->
