<?xml version="1.0" encoding="UTF-8"?>
<!-- Generated by org.testng.reporters.JUnitReportReporter -->
<testsuite skipped="0" hostname="LAPTOP-AT9HCTR2" name="com.ng.FruitsDependsTest" tests="5" failures="0" timestamp="12 Apr 2023 02:04:28 GMT" time="0.016" errors="0">
  <testcase name="banana" time="0.000" classname="com.ng.FruitsDependsTest"/>
  <testcase name="mango" time="0.000" classname="com.ng.FruitsDependsTest"/>
  <testcase name="cherry" time="0.008" classname="com.ng.FruitsDependsTest"/>
  <testcase name="apple" time="0.000" classname="com.ng.FruitsDependsTest"/>
  <testcase name="grapes" time="0.008" classname="com.ng.FruitsDependsTest"/>
</testsuite> <!-- com.ng.FruitsDependsTest -->
