<?xml version="1.0" encoding="UTF-8"?>
<!-- Generated by org.testng.reporters.JUnitReportReporter -->
<testsuite skipped="0" hostname="LAPTOP-AT9HCTR2" name="com.grp.Facebook" tests="1" failures="0" timestamp="13 Apr 2023 00:49:33 GMT" time="2.744" errors="0">
  <testcase name="facebook" time="2.744" classname="com.grp.Facebook"/>
</testsuite> <!-- com.grp.Facebook -->
