<?xml version="1.0" encoding="UTF-8"?>
<!-- Generated by org.testng.reporters.JUnitReportReporter -->
<testsuite skipped="0" hostname="LAPTOP-AT9HCTR2" name="com.ng.FlipKart" tests="1" failures="0" timestamp="12 Apr 2023 02:09:39 GMT" time="5.201" errors="0">
  <testcase name="flipkart" time="5.201" classname="com.ng.FlipKart"/>
</testsuite> <!-- com.ng.FlipKart -->
